SF:lib/core/utils/array_to_string.dart
DA:1,1
DA:2,1
DA:5,1
LF:3
LH:3
end_of_record
SF:lib/core/error/exception.dart
DA:3,7
LF:1
LH:1
end_of_record
SF:lib/data/datasources/book_remote_datasource.dart
DA:14,1
DA:16,1
DA:19,1
DA:20,2
DA:21,2
DA:22,3
DA:23,1
DA:29,2
LF:8
LH:8
end_of_record
SF:lib/data/models/book_model.dart
DA:5,1
DA:6,4
DA:10,3
DA:19,4
DA:20,2
DA:21,0
DA:22,8
DA:23,2
DA:24,2
DA:25,2
DA:26,0
DA:27,8
DA:28,2
DA:29,2
DA:32,2
DA:33,1
DA:34,0
DA:35,4
DA:36,1
DA:37,1
DA:38,1
DA:39,0
DA:40,4
DA:41,1
DA:42,1
DA:45,1
DA:46,1
DA:47,1
DA:48,1
DA:49,1
DA:50,1
DA:51,1
DA:52,1
LF:33
LH:29
end_of_record
SF:lib/core/error/failure.dart
DA:5,4
DA:7,1
DA:8,2
DA:12,0
LF:4
LH:3
end_of_record
SF:lib/domain/entities/book.dart
DA:13,5
DA:22,2
DA:23,2
DA:24,2
DA:25,2
DA:26,2
DA:27,2
DA:28,2
DA:29,2
LF:9
LH:9
end_of_record
SF:lib/domain/usecases/fetch_books.dart
DA:9,1
DA:11,1
DA:12,2
LF:3
LH:3
end_of_record
SF:lib/data/repositories/book_repository_impl.dart
DA:12,1
DA:14,1
DA:17,1
DA:18,0
DA:20,2
DA:21,4
DA:22,1
DA:23,1
DA:24,3
LF:9
LH:8
end_of_record
SF:lib/core/network/internet_checker.dart
DA:4,1
DA:5,2
LF:2
LH:2
end_of_record
SF:lib/presentation/blocs/bloc/book_state.dart
DA:5,1
DA:6,1
DA:15,1
DA:20,1
LF:4
LH:4
end_of_record
SF:lib/presentation/blocs/bloc/book_event.dart
DA:4,1
DA:6,0
DA:7,0
LF:3
LH:1
end_of_record
SF:lib/presentation/blocs/bloc/book_bloc.dart
DA:12,1
DA:14,2
DA:15,2
DA:18,1
DA:19,2
DA:20,2
DA:21,1
DA:22,4
DA:23,3
LF:9
LH:9
end_of_record
